<?xml version="1.0" encoding="UTF-8"?>
<!-- Generated by org.testng.reporters.JUnitReportReporter -->
<testsuite skipped="0" hostname="DESKTOP-4VBBEJ4" name="org.project.ParallelCrossBrowser" tests="4" failures="0" timestamp="03 Jun 2022 11:17:53 GMT" time="26.363" errors="0">
  <testcase name="tc1" time="7.723" classname="org.project.ParallelCrossBrowser"/>
  <testcase name="tc1" time="5.593" classname="org.project.ParallelCrossBrowser"/>
  <testcase name="tc0" time="5.811" classname="org.project.ParallelCrossBrowser"/>
  <testcase name="tc0" time="7.236" classname="org.project.ParallelCrossBrowser"/>
</testsuite> <!-- org.project.ParallelCrossBrowser -->
