<?xml version="1.0" encoding="UTF-8"?>
<!-- Generated by org.testng.reporters.JUnitReportReporter -->
<testsuite skipped="0" hostname="DESKTOP-4VBBEJ4" name="org.login.Testing" tests="1" failures="0" timestamp="10 May 2022 14:35:38 GMT" time="0.000" errors="0">
  <testcase name="tc4" time="0.000" classname="org.login.Testing"/>
</testsuite> <!-- org.login.Testing -->
