<?xml version="1.0" encoding="UTF-8"?>
<!-- Generated by org.testng.reporters.JUnitReportReporter -->
<testsuite skipped="0" hostname="DESKTOP-4VBBEJ4" name="org.project.ParallelExecutionA" tests="3" failures="0" timestamp="03 Jun 2022 11:11:07 GMT" time="27.023" errors="0">
  <testcase name="tc1" time="4.866" classname="org.project.ParallelExecutionA"/>
  <testcase name="tc2" time="12.089" classname="org.project.ParallelExecutionA"/>
  <testcase name="tc0" time="10.068" classname="org.project.ParallelExecutionA"/>
</testsuite> <!-- org.project.ParallelExecutionA -->
