<?xml version="1.0" encoding="UTF-8"?>
<!-- Generated by org.testng.reporters.JUnitReportReporter -->
<testsuite skipped="0" hostname="DESKTOP-4VBBEJ4" name="org.project.ClassA" tests="3" failures="0" timestamp="03 Jun 2022 11:11:07 GMT" time="42.591" errors="0">
  <testcase name="tc0" time="7.906" classname="org.project.ClassA"/>
  <testcase name="tc1" time="24.187" classname="org.project.ClassA"/>
  <testcase name="tc2" time="10.498" classname="org.project.ClassA"/>
</testsuite> <!-- org.project.ClassA -->
