<?xml version="1.0" encoding="UTF-8"?>
<!-- Generated by org.testng.reporters.JUnitReportReporter -->
<testsuite skipped="0" hostname="DESKTOP-4VBBEJ4" name="org.login.Testing2" tests="3" failures="0" timestamp="10 May 2022 14:53:50 GMT" time="12.409" errors="0">
  <testcase name="tc1" time="4.431" classname="org.login.Testing2"/>
  <testcase name="tc0" time="3.255" classname="org.login.Testing2"/>
  <testcase name="tc2" time="4.723" classname="org.login.Testing2"/>
</testsuite> <!-- org.login.Testing2 -->
