<?xml version="1.0" encoding="UTF-8"?>
<!-- Generated by org.testng.reporters.JUnitReportReporter -->
<testsuite skipped="1" hostname="DESKTOP-4VBBEJ4" name="org.login.Functionalitiesoftestng" tests="7" failures="0" timestamp="09 May 2022 15:03:06 GMT" time="0.017" errors="0">
  <testcase name="tc2" time="0.010" classname="org.login.Functionalitiesoftestng"/>
  <testcase name="tc0" time="0.001" classname="org.login.Functionalitiesoftestng"/>
  <testcase name="tc0" time="0.001" classname="org.login.Functionalitiesoftestng"/>
  <testcase name="tc0" time="0.002" classname="org.login.Functionalitiesoftestng"/>
  <testcase name="tc0" time="0.002" classname="org.login.Functionalitiesoftestng"/>
  <testcase name="tc0" time="0.001" classname="org.login.Functionalitiesoftestng"/>
  <testcase name="tc1" classname="org.login.Functionalitiesoftestng">
    <skipped/>
  </testcase> <!-- tc1 -->
</testsuite> <!-- org.login.Functionalitiesoftestng -->
