<?xml version="1.0" encoding="UTF-8"?>
<!-- Generated by org.testng.reporters.JUnitReportReporter -->
<testsuite skipped="0" hostname="DESKTOP-4VBBEJ4" name="org.project.Implementation" tests="4" failures="0" timestamp="02 Jun 2022 10:50:38 GMT" time="36.371" errors="0">
  <testcase name="tc0" time="8.043" classname="org.project.Implementation"/>
  <testcase name="tc0" time="4.504" classname="org.project.Implementation"/>
  <testcase name="tc0" time="4.980" classname="org.project.Implementation"/>
  <testcase name="tc0" time="18.844" classname="org.project.Implementation"/>
</testsuite> <!-- org.project.Implementation -->
