<?xml version="1.0" encoding="UTF-8"?>
<!-- Generated by org.testng.reporters.JUnitReportReporter -->
<testsuite skipped="0" hostname="DESKTOP-4VBBEJ4" name="org.project.ClassB" tests="3" failures="0" timestamp="03 Jun 2022 11:11:07 GMT" time="29.790" errors="0">
  <testcase name="tc2" time="13.144" classname="org.project.ClassB"/>
  <testcase name="tc1" time="6.387" classname="org.project.ClassB"/>
  <testcase name="tc0" time="10.259" classname="org.project.ClassB"/>
</testsuite> <!-- org.project.ClassB -->
