<?xml version="1.0" encoding="UTF-8"?>
<!-- Generated by org.testng.reporters.JUnitReportReporter -->
<testsuite skipped="0" hostname="DESKTOP-4VBBEJ4" name="org.login.Testing1" tests="5" failures="0" timestamp="10 May 2022 14:46:56 GMT" time="0.018" errors="0">
  <testcase name="tc1" time="0.000" classname="org.login.Testing1"/>
  <testcase name="tc2" time="0.000" classname="org.login.Testing1"/>
  <testcase name="tc3" time="0.008" classname="org.login.Testing1"/>
  <testcase name="tc0" time="0.010" classname="org.login.Testing1"/>
  <testcase name="tc4" time="0.000" classname="org.login.Testing1"/>
</testsuite> <!-- org.login.Testing1 -->
