<?xml version="1.0" encoding="UTF-8"?>
<!-- Generated by org.testng.reporters.JUnitReportReporter -->
<testsuite skipped="0" hostname="DESKTOP-4VBBEJ4" name="org.project.ParalleExecution" tests="3" failures="0" timestamp="03 Jun 2022 11:11:07 GMT" time="28.208" errors="0">
  <testcase name="tc1" time="11.424" classname="org.project.ParalleExecution"/>
  <testcase name="tc2" time="8.710" classname="org.project.ParalleExecution"/>
  <testcase name="tc0" time="8.074" classname="org.project.ParalleExecution"/>
</testsuite> <!-- org.project.ParalleExecution -->
